d:\opencv_c++\learning-opencv\svm口罩识别\qt\口罩识别\x64\debug\moc_qtwidgetsapplication.obj
d:\opencv_c++\learning-opencv\svm口罩识别\qt\口罩识别\x64\debug\qrc_qtwidgetsapplication.obj
d:\opencv_c++\learning-opencv\svm口罩识别\qt\口罩识别\x64\debug\vc142.pdb
d:\opencv_c++\learning-opencv\svm口罩识别\qt\口罩识别\x64\debug\main.obj
d:\opencv_c++\learning-opencv\svm口罩识别\qt\口罩识别\x64\debug\qtwidgetsapplication.obj
d:\opencv_c++\learning-opencv\svm口罩识别\qt\口罩识别\x64\debug\口罩识别.exe
d:\opencv_c++\learning-opencv\svm口罩识别\qt\口罩识别\x64\debug\口罩识别.ilk
d:\opencv_c++\learning-opencv\svm口罩识别\qt\口罩识别\x64\debug\口罩识别.pdb
d:\opencv_c++\learning-opencv\svm口罩识别\qt\口罩识别\x64\debug\\moc\moc_qtwidgetsapplication.cpp
d:\opencv_c++\learning-opencv\svm口罩识别\qt\口罩识别\x64\debug\\rcc\qrc_qtwidgetsapplication.cpp
d:\opencv_c++\learning-opencv\svm口罩识别\qt\口罩识别\x64\debug\\uic\ui_qtwidgetsapplication.h
d:\opencv_c++\learning-opencv\svm口罩识别\qt\口罩识别\x64\debug\uic\ui_qtwidgetsapplication.h
d:\opencv_c++\learning-opencv\svm口罩识别\qt\口罩识别\x64\debug\rcc\qrc_qtwidgetsapplication.cpp
d:\opencv_c++\learning-opencv\svm口罩识别\qt\口罩识别\x64\debug\moc\moc_qtwidgetsapplication.cpp
d:\opencv_c++\learning-opencv\svm口罩识别\qt\口罩识别\x64\debug\口罩识别.tlog\cl.command.1.tlog
d:\opencv_c++\learning-opencv\svm口罩识别\qt\口罩识别\x64\debug\口罩识别.tlog\cl.read.1.tlog
d:\opencv_c++\learning-opencv\svm口罩识别\qt\口罩识别\x64\debug\口罩识别.tlog\cl.write.1.tlog
d:\opencv_c++\learning-opencv\svm口罩识别\qt\口罩识别\x64\debug\口罩识别.tlog\link.command.1.tlog
d:\opencv_c++\learning-opencv\svm口罩识别\qt\口罩识别\x64\debug\口罩识别.tlog\link.read.1.tlog
d:\opencv_c++\learning-opencv\svm口罩识别\qt\口罩识别\x64\debug\口罩识别.tlog\link.write.1.tlog
d:\opencv_c++\learning-opencv\svm口罩识别\qt\口罩识别\x64\debug\口罩识别.tlog\moc.read.1u.tlog
d:\opencv_c++\learning-opencv\svm口罩识别\qt\口罩识别\x64\debug\口罩识别.tlog\moc.write.1u.tlog
d:\opencv_c++\learning-opencv\svm口罩识别\qt\口罩识别\x64\debug\口罩识别.tlog\rcc.read.1u.tlog
d:\opencv_c++\learning-opencv\svm口罩识别\qt\口罩识别\x64\debug\口罩识别.tlog\rcc.write.1u.tlog
d:\opencv_c++\learning-opencv\svm口罩识别\qt\口罩识别\x64\debug\口罩识别.tlog\uic.read.1u.tlog
d:\opencv_c++\learning-opencv\svm口罩识别\qt\口罩识别\x64\debug\口罩识别.tlog\uic.write.1u.tlog
d:\opencv_c++\learning-opencv\svm口罩识别\qt\口罩识别\x64\debug\口罩识别.tlog\口罩识别.write.1u.tlog
